🚀 JULES V8.0 STARTING... [Mode: Quantitative Risk Management]
Connected: ACTIVE | Cash: $99467.21
⚠️ Alerte Jules: ('Connection aborted.', RemoteDisconnected('Remote end closed connection without response'))
Data fetch error for TSLA: ('Connection aborted.', RemoteDisconnected('Remote end closed connection without response'))
🎯 SIGNAL DETECTÉ: MSFT | Price: 387.0849 | Qty: 25 | SL: 383.09 | TP: 395.08
✅ Order Sent for MSFT
Position held for MSFT. Skipping.
Position held for MSFT. Skipping.
Position held for MSFT. Skipping.
Position held for MSFT. Skipping.
Position held for MSFT. Skipping.
Position held for MSFT. Skipping.
Position held for MSFT. Skipping.
⚠️ Alerte Jules: ('Connection aborted.', RemoteDisconnected('Remote end closed connection without response'))
Data fetch error for TSLA: ('Connection aborted.', RemoteDisconnected('Remote end closed connection without response'))
Position held for MSFT. Skipping.
Position held for MSFT. Skipping.
Position held for MSFT. Skipping.
Position held for MSFT. Skipping.
Position held for MSFT. Skipping.
Position held for MSFT. Skipping.
Position held for MSFT. Skipping.
⚠️ Alerte Jules: ('Connection aborted.', RemoteDisconnected('Remote end closed connection without response'))
Data fetch error for TSLA: ('Connection aborted.', RemoteDisconnected('Remote end closed connection without response'))
⚠️ Alerte Jules: ('Connection aborted.', RemoteDisconnected('Remote end closed connection without response'))
Data fetch error for TSLA: ('Connection aborted.', RemoteDisconnected('Remote end closed connection without response'))
